<?xml version="1.0" encoding="UTF-8"?>
<testsuite name="英雄机类单元测试" tests="3" skipped="0" failures="0" errors="0" timestamp="2026-04-21T14:49:15.358Z" hostname="Chaos-MacBook-Air.local" time="0.264">
  <properties/>
  <testcase name="测试碰撞检测逻辑（坐标算法验证）" classname="edu.hitsz.aircraft.HeroAircraftTest" time="0.262"/>
  <testcase name="测试增加生命值逻辑（上限保护）" classname="edu.hitsz.aircraft.HeroAircraftTest" time="0.0"/>
  <testcase name="测试减少生命值逻辑" classname="edu.hitsz.aircraft.HeroAircraftTest" time="0.001"/>
  <system-out><![CDATA[正在执行：crash 碰撞测试
正在执行：increaseHp 测试
decreaseHp 测试
]]></system-out>
  <system-err><![CDATA[]]></system-err>
</testsuite>
